<?xml version="1.0" encoding="UTF-8"?>
<!-- Generated by org.testng.reporters.JUnitReportReporter -->
<testsuite hostname="DESKTOP-GV8RDT5" failures="0" tests="1" name="Reporting.ExtentReporintg.Reports" time="19.795" errors="0" timestamp="28 Jan 2021 17:08:25 GMT" skipped="0">
  <testcase classname="Reporting.ExtentReporintg.Reports" name="test" time="19.795"/>
</testsuite> <!-- Reporting.ExtentReporintg.Reports -->
